
> vite-react-typescript-starter@0.0.0 build
> vite build

vite v5.4.8 building for production...
transforming...
✓ 16716 modules transformed.
rendering chunks...
[plugin:vite:reporter] [plugin vite:reporter] 
(!) /home/megagig/Desktop/PROJECTS/MERN/pharma-care-saas/frontend/src/services/authService.ts is dynamically imported by /home/megagig/Desktop/PROJECTS/MERN/pharma-care-saas/frontend/src/services/socketService.ts, /home/megagig/Desktop/PROJECTS/MERN/pharma-care-saas/frontend/src/stores/mtrStore.ts but also statically imported by /home/megagig/Desktop/PROJECTS/MERN/pharma-care-saas/frontend/src/context/AuthContext.tsx, /home/megagig/Desktop/PROJECTS/MERN/pharma-care-saas/frontend/src/pages/MultiStepRegister.tsx, dynamic import will not move module into another chunk.

[plugin:vite:reporter] [plugin vite:reporter] 
(!) /home/megagig/Desktop/PROJECTS/MERN/pharma-care-saas/frontend/src/services/apiClient.ts is dynamically imported by /home/megagig/Desktop/PROJECTS/MERN/pharma-care-saas/frontend/src/hooks/useAppointments.ts, /home/megagig/Desktop/PROJECTS/MERN/pharma-care-saas/frontend/src/hooks/useAppointments.ts, /home/megagig/Desktop/PROJECTS/MERN/pharma-care-saas/frontend/src/hooks/useAppointments.ts, /home/megagig/Desktop/PROJECTS/MERN/pharma-care-saas/frontend/src/hooks/useHealthBlogAdmin.ts, /home/megagig/Desktop/PROJECTS/MERN/pharma-care-saas/frontend/src/hooks/useHealthBlogAdmin.ts, /home/megagig/Desktop/PROJECTS/MERN/pharma-care-saas/frontend/src/services/appointmentService.ts, /home/megagig/Desktop/PROJECTS/MERN/pharma-care-saas/frontend/src/services/patientPortalService.ts, /home/megagig/Desktop/PROJECTS/MERN/pharma-care-saas/frontend/src/services/patientService.ts but also statically imported by /home/megagig/Desktop/PROJECTS/MERN/pharma-care-saas/frontend/src/components/admin/HelpManagement.tsx, /home/megagig/Desktop/PROJECTS/MERN/pharma-care-saas/frontend/src/components/communication/NewConversationModal.tsx, /home/megagig/Desktop/PROJECTS/MERN/pharma-care-saas/frontend/src/components/communication/PatientQueryDashboard.tsx, /home/megagig/Desktop/PROJECTS/MERN/pharma-care-saas/frontend/src/components/communication/TemplateSelector.tsx, /home/megagig/Desktop/PROJECTS/MERN/pharma-care-saas/frontend/src/components/lab-integration/PhysicianEscalationDialog.tsx, /home/megagig/Desktop/PROJECTS/MERN/pharma-care-saas/frontend/src/components/license/LicenseUpload.tsx, /home/megagig/Desktop/PROJECTS/MERN/pharma-care-saas/frontend/src/components/profile/FeaturesTab.tsx, /home/megagig/Desktop/PROJECTS/MERN/pharma-care-saas/frontend/src/components/profile/OverviewTab.tsx, /home/megagig/Desktop/PROJECTS/MERN/pharma-care-saas/frontend/src/components/profile/SubscriptionTab.tsx, /home/megagig/Desktop/PROJECTS/MERN/pharma-care-saas/frontend/src/components/profile/WorkspaceTab.tsx, /home/megagig/Desktop/PROJECTS/MERN/pharma-care-saas/frontend/src/components/saas/SupportHelpdesk.tsx, /home/megagig/Desktop/PROJECTS/MERN/pharma-care-saas/frontend/src/components/saas/TenantLicenseManagement.tsx, /home/megagig/Desktop/PROJECTS/MERN/pharma-care-saas/frontend/src/components/workspace/PendingPatientApprovals.tsx, /home/megagig/Desktop/PROJECTS/MERN/pharma-care-saas/frontend/src/context/SubscriptionContext.tsx, /home/megagig/Desktop/PROJECTS/MERN/pharma-care-saas/frontend/src/hooks/usePatientPortalAdmin.ts, /home/megagig/Desktop/PROJECTS/MERN/pharma-care-saas/frontend/src/pages/Help.tsx, /home/megagig/Desktop/PROJECTS/MERN/pharma-care-saas/frontend/src/pages/PatientPortal.tsx, /home/megagig/Desktop/PROJECTS/MERN/pharma-care-saas/frontend/src/pages/ScheduleManagement.tsx, /home/megagig/Desktop/PROJECTS/MERN/pharma-care-saas/frontend/src/pages/Subscriptions.tsx, /home/megagig/Desktop/PROJECTS/MERN/pharma-care-saas/frontend/src/pages/super-admin/PatientPortalOverview.tsx, /home/megagig/Desktop/PROJECTS/MERN/pharma-care-saas/frontend/src/queries/useDiagnosticHistory.ts, /home/megagig/Desktop/PROJECTS/MERN/pharma-care-saas/frontend/src/queries/usePatientNotificationPreferences.ts, /home/megagig/Desktop/PROJECTS/MERN/pharma-care-saas/frontend/src/queries/usePricing.ts, /home/megagig/Desktop/PROJECTS/MERN/pharma-care-saas/frontend/src/services/adminService.ts, /home/megagig/Desktop/PROJECTS/MERN/pharma-care-saas/frontend/src/services/aiDiagnosticService.ts, /home/megagig/Desktop/PROJECTS/MERN/pharma-care-saas/frontend/src/services/aiUsageMonitoringService.ts, /home/megagig/Desktop/PROJECTS/MERN/pharma-care-saas/frontend/src/services/appointmentAnalyticsService.ts, /home/megagig/Desktop/PROJECTS/MERN/pharma-care-saas/frontend/src/services/billingService.ts, /home/megagig/Desktop/PROJECTS/MERN/pharma-care-saas/frontend/src/services/diagnosticHistoryService.ts, /home/megagig/Desktop/PROJECTS/MERN/pharma-care-saas/frontend/src/services/followUpService.ts, /home/megagig/Desktop/PROJECTS/MERN/pharma-care-saas/frontend/src/services/labIntegrationService.ts, /home/megagig/Desktop/PROJECTS/MERN/pharma-care-saas/frontend/src/services/notificationManagementService.ts, /home/megagig/Desktop/PROJECTS/MERN/pharma-care-saas/frontend/src/services/notificationService.ts, /home/megagig/Desktop/PROJECTS/MERN/pharma-care-saas/frontend/src/services/pharmacistScheduleService.ts, /home/megagig/Desktop/PROJECTS/MERN/pharma-care-saas/frontend/src/services/pricingPlanService.ts, /home/megagig/Desktop/PROJECTS/MERN/pharma-care-saas/frontend/src/services/rbacService.ts, /home/megagig/Desktop/PROJECTS/MERN/pharma-care-saas/frontend/src/services/roleBasedDashboardService.ts, /home/megagig/Desktop/PROJECTS/MERN/pharma-care-saas/frontend/src/services/workspaceTeamService.ts, /home/megagig/Desktop/PROJECTS/MERN/pharma-care-saas/frontend/src/stores/communicationStore.ts, dynamic import will not move module into another chunk.

[plugin:vite:reporter] [plugin vite:reporter] 
(!) /home/megagig/Desktop/PROJECTS/MERN/pharma-care-saas/frontend/src/services/patientService.ts is dynamically imported by /home/megagig/Desktop/PROJECTS/MERN/pharma-care-saas/frontend/src/stores/mtrStore.ts, /home/megagig/Desktop/PROJECTS/MERN/pharma-care-saas/frontend/src/stores/mtrStore.ts, /home/megagig/Desktop/PROJECTS/MERN/pharma-care-saas/frontend/src/stores/mtrStore.ts but also statically imported by /home/megagig/Desktop/PROJECTS/MERN/pharma-care-saas/frontend/src/queries/usePatientResources.ts, /home/megagig/Desktop/PROJECTS/MERN/pharma-care-saas/frontend/src/queries/usePatients.ts, /home/megagig/Desktop/PROJECTS/MERN/pharma-care-saas/frontend/src/services/syncService.ts, /home/megagig/Desktop/PROJECTS/MERN/pharma-care-saas/frontend/src/stores/patientStore.ts, dynamic import will not move module into another chunk.

computing gzip size...
build/index.html                                               4.06 kB │ gzip:   1.50 kB
build/assets/index-CVQS5PSK.css                               60.40 kB │ gzip:  10.32 kB
build/assets/isBefore-bo34iUOg.js                              0.09 kB │ gzip:   0.10 kB
build/assets/subDays-BmNUjq5W.js                               0.09 kB │ gzip:   0.11 kB
build/assets/isPast-Fs8JHenO.js                                0.09 kB │ gzip:   0.11 kB
build/assets/subMonths-CZwzcrl3.js                             0.10 kB │ gzip:   0.11 kB
build/assets/addYears-ItuanpEn.js                              0.10 kB │ gzip:   0.11 kB
build/assets/useUsers-BNbcolHD.js                              0.10 kB │ gzip:   0.12 kB
build/assets/PlayArrow-C57rgFuB.js                             0.11 kB │ gzip:   0.12 kB
build/assets/Remove-CeBIiRde.js                                0.11 kB │ gzip:   0.12 kB
build/assets/TrendingFlat-CzMi62YL.js                          0.12 kB │ gzip:   0.13 kB
build/assets/Pause-Bz3qoP6e.js                                 0.12 kB │ gzip:   0.13 kB
build/assets/Add-DEyi9ax6.js                                   0.13 kB │ gzip:   0.14 kB
build/assets/Download-CHgJWnKe.js                              0.13 kB │ gzip:   0.14 kB
build/assets/GetApp-CinauhVQ.js                                0.13 kB │ gzip:   0.14 kB
build/assets/FileDownload-BCjHTbgZ.js                          0.13 kB │ gzip:   0.14 kB
build/assets/Upload-D5H668jd.js                                0.13 kB │ gzip:   0.15 kB
build/assets/Sort-C57T6pgS.js                                  0.13 kB │ gzip:   0.14 kB
build/assets/FilterList-CQXARf-t.js                            0.14 kB │ gzip:   0.15 kB
build/assets/ExpandLess-DYqNh1LQ.js                            0.14 kB │ gzip:   0.15 kB
build/assets/NavigateNext-C7iljtWT.js                          0.14 kB │ gzip:   0.15 kB
build/assets/Upgrade-zK7vIPsk.js                               0.14 kB │ gzip:   0.15 kB
build/assets/Check-DDXFmvAb.js                                 0.15 kB │ gzip:   0.15 kB
build/assets/startOfMonth-BoFkRuBL.js                          0.15 kB │ gzip:   0.15 kB
build/assets/AccountTree-Dk7jQSWM.js                           0.15 kB │ gzip:   0.16 kB
build/assets/isToday-ChHj2PLN.js                               0.15 kB │ gzip:   0.15 kB
build/assets/ArrowBack-pF-tbDBq.js                             0.15 kB │ gzip:   0.16 kB
build/assets/ShowChart-DtGeZDH_.js                             0.16 kB │ gzip:   0.16 kB
build/assets/PriorityHigh-rtGRenYB.js                          0.16 kB │ gzip:   0.16 kB
build/assets/Circle-BSEq_uvr.js                                0.16 kB │ gzip:   0.15 kB
build/assets/AccountBalance-uHT9rDbt.js                        0.17 kB │ gzip:   0.17 kB
build/assets/TrendingDown-B3oQmvg4.js                          0.17 kB │ gzip:   0.16 kB
build/assets/Delete-DrNKJIPu.js                                0.17 kB │ gzip:   0.17 kB
build/assets/Storage-D-HQePSQ.js                               0.17 kB │ gzip:   0.16 kB
build/assets/isTomorrow-D-6S6Tow.js                            0.18 kB │ gzip:   0.16 kB
build/assets/InsertDriveFile-Cczj99P-.js                       0.19 kB │ gzip:   0.18 kB
build/assets/useDebounce-BK67nRrJ.js                           0.19 kB │ gzip:   0.17 kB
build/assets/PlaylistAddCheck-BQ4WQjwH.js                      0.19 kB │ gzip:   0.18 kB
build/assets/Book-DL_QGn0X.js                                  0.19 kB │ gzip:   0.18 kB
build/assets/addDays-C0SpcCxF.js                               0.20 kB │ gzip:   0.17 kB
build/assets/Clear-DlfeMory.js                                 0.20 kB │ gzip:   0.16 kB
build/assets/Login-B8IX9Y36.js                                 0.20 kB │ gzip:   0.18 kB
build/assets/VerifiedUser-BmOqJBcr.js                          0.20 kB │ gzip:   0.19 kB
build/assets/Tune-9bUMZXG7.js                                  0.20 kB │ gzip:   0.19 kB
build/assets/Chat-Cp0dK5VD.js                                  0.20 kB │ gzip:   0.19 kB
build/assets/Sms-QdwkNnqQ.js                                   0.20 kB │ gzip:   0.18 kB
build/assets/ViewModule-B3aHFQQT.js                            0.21 kB │ gzip:   0.18 kB
build/assets/Image-eD4y70sB.js                                 0.21 kB │ gzip:   0.19 kB
build/assets/HealthAndSafety-DycBLI5P.js                       0.21 kB │ gzip:   0.19 kB
build/assets/Article-B-TWOJKa.js                               0.21 kB │ gzip:   0.19 kB
build/assets/Payment-Doao2qeV.js                               0.21 kB │ gzip:   0.19 kB
build/assets/TableChart-CkpF44Ft.js                            0.22 kB │ gzip:   0.19 kB
build/assets/ContentCopy-X7NqBPhQ.js                           0.22 kB │ gzip:   0.19 kB
build/assets/NoteAdd-CR9e-IbU.js                               0.22 kB │ gzip:   0.20 kB
build/assets/HourglassEmpty-BUKBUDKN.js                        0.22 kB │ gzip:   0.21 kB
build/assets/Event-DQnua-oN.js                                 0.22 kB │ gzip:   0.20 kB
build/assets/DoneAll-B0C2w9v8.js                               0.22 kB │ gzip:   0.18 kB
build/assets/Edit-Omedx-iN.js                                  0.22 kB │ gzip:   0.19 kB
build/assets/PieChart-B23FNSxy.js                              0.22 kB │ gzip:   0.20 kB
build/assets/Save-DLExon-8.js                                  0.23 kB │ gzip:   0.20 kB
build/assets/Print-q4nj1rku.js                                 0.24 kB │ gzip:   0.20 kB
build/assets/MoreVert-BzqgFbnv.js                              0.24 kB │ gzip:   0.17 kB
build/assets/VpnKey-CWB7UVQl.js                                0.25 kB │ gzip:   0.21 kB
build/assets/LastPage-D1Wp43Y2.js                              0.25 kB │ gzip:   0.20 kB
build/assets/DateRange-2GY2Hk-z.js                             0.25 kB │ gzip:   0.21 kB
build/assets/Cloud-D8tkFeDu.js                                 0.25 kB │ gzip:   0.21 kB
build/assets/publicApiClient-kOUy7cK4.js                       0.25 kB │ gzip:   0.22 kB
build/assets/Lightbulb-ExCURNy0.js                             0.25 kB │ gzip:   0.21 kB
build/assets/Inventory-cW_uc-XH.js                             0.25 kB │ gzip:   0.22 kB
build/assets/Cancel-Cu8yHf2S.js                                0.26 kB │ gzip:   0.20 kB
build/assets/ErrorOutline-BtrTdbMN.js                          0.26 kB │ gzip:   0.21 kB
build/assets/Timer-BaDTz5MF.js                                 0.27 kB │ gzip:   0.22 kB
build/assets/CloudUpload-CMC9WpEW.js                           0.27 kB │ gzip:   0.23 kB
build/assets/typeof-QjJsDpFa.js                                0.27 kB │ gzip:   0.17 kB
build/assets/AutoAwesome-6Dg1_rE1.js                           0.28 kB │ gzip:   0.21 kB
build/assets/CameraAlt-aRhXGZEe.js                             0.30 kB │ gzip:   0.24 kB
build/assets/Link-BWxTury0.js                                  0.30 kB │ gzip:   0.23 kB
build/assets/LineChart-B3AQzobZ.js                             0.31 kB │ gzip:   0.24 kB
build/assets/AreaChart-D1zLtHcJ.js                             0.31 kB │ gzip:   0.24 kB
build/assets/useNotification-oCE6Idrm.js                       0.31 kB │ gzip:   0.22 kB
build/assets/ComposedChart-COSo9Jpq.js                         0.31 kB │ gzip:   0.24 kB
build/assets/addMonths-DpUNnh7E.js                             0.31 kB │ gzip:   0.24 kB
build/assets/History-bAxPGqVk.js                               0.32 kB │ gzip:   0.25 kB
build/assets/Sync-BLk1qyJU.js                                  0.32 kB │ gzip:   0.25 kB
build/assets/Speed-BnFzX-A1.js                                 0.32 kB │ gzip:   0.24 kB
build/assets/Search-BIjeyQrs.js                                0.32 kB │ gzip:   0.24 kB
build/assets/Block-BvsZclIK.js                                 0.33 kB │ gzip:   0.24 kB
build/assets/EventBusy-CI5zSAkW.js                             0.33 kB │ gzip:   0.24 kB
build/assets/Verified-DQUopM9c.js                              0.33 kB │ gzip:   0.25 kB
build/assets/AttachFile-B_IaDjoC.js                            0.34 kB │ gzip:   0.25 kB
build/assets/toPropertyKey-DudIQBKi.js                         0.37 kB │ gzip:   0.27 kB
build/assets/QuestionAnswer-LMFcl6yh.js                        0.38 kB │ gzip:   0.27 kB
build/assets/Pending-CpnsfQJl.js                               0.39 kB │ gzip:   0.19 kB
build/assets/PictureAsPdf-WdvonQ28.js                          0.39 kB │ gzip:   0.27 kB
build/assets/MonitorHeart-C-u_o5oz.js                          0.39 kB │ gzip:   0.28 kB
build/assets/WifiOff-BUNsNL2P.js                               0.44 kB │ gzip:   0.31 kB
build/assets/Share-BhwBkx97.js                                 0.45 kB │ gzip:   0.29 kB
build/assets/BugReport-Dzdwv59L.js                             0.46 kB │ gzip:   0.33 kB
build/assets/NotificationsActive-DnmgEJ_c.js                   0.47 kB │ gzip:   0.32 kB
build/assets/TouchApp-Dn0VFoAh.js                              0.49 kB │ gzip:   0.34 kB
build/assets/ThumbUp-CoIUD7BF.js                               0.51 kB │ gzip:   0.33 kB
build/assets/api-DUI7Btb5.js                                   0.52 kB │ gzip:   0.34 kB
build/assets/differenceInDays-I3_l8VWq.js                      0.52 kB │ gzip:   0.31 kB
build/assets/Timeline-DfPcwNju.js                              0.52 kB │ gzip:   0.31 kB
build/assets/Palette-COkAlrQf.js                               0.55 kB │ gzip:   0.32 kB
build/assets/Insights-DLBWFpaS.js                              0.58 kB │ gzip:   0.36 kB
build/assets/Groups-BsO9q8jZ.js                                0.59 kB │ gzip:   0.35 kB
build/assets/DialogContentText-DjsuWTaw.js                     0.62 kB │ gzip:   0.40 kB
build/assets/ErrorBarContext-Er_dnCfy.js                       0.67 kB │ gzip:   0.42 kB
build/assets/WhatsApp-Cy4IqwM7.js                              0.72 kB │ gzip:   0.43 kB
build/assets/FixedGrid-xkl1vrNv.js                             0.75 kB │ gzip:   0.39 kB
build/assets/user-BdMPt_ww.js                                  0.76 kB │ gzip:   0.41 kB
build/assets/CardActions-DCENgAbG.js                           0.78 kB │ gzip:   0.46 kB
build/assets/index-CjaMLJ_C.js                                 0.80 kB │ gzip:   0.51 kB
build/assets/MedicationAnalytics-Bx-r8Amp.js                   0.82 kB │ gzip:   0.47 kB
build/assets/client-Sf5DR7WG.js                                0.95 kB │ gzip:   0.55 kB
build/assets/ApiIntegrations-DLWAgEcc.js                       1.00 kB │ gzip:   0.60 kB
build/assets/AIUsageMonitoringPage-C9q3AH2I.js                 1.06 kB │ gzip:   0.58 kB
build/assets/useClinicalInterventionDashboard-DiFNmIXj.js      1.06 kB │ gzip:   0.55 kB
build/assets/PharmacyReports-C1iKVulx.js                       1.07 kB │ gzip:   0.65 kB
build/assets/Button-DB8e1zyc.js                                1.23 kB │ gzip:   0.64 kB
build/assets/Zoom-8LudpvKd.js                                  1.32 kB │ gzip:   0.65 kB
build/assets/engagementIntegrationApi-BQsVMPu_.js              1.37 kB │ gzip:   0.40 kB
build/assets/StepContent-Ci2jWKND.js                           1.44 kB │ gzip:   0.78 kB
build/assets/CardActionArea-CK9wpDQb.js                        1.57 kB │ gzip:   0.77 kB
build/assets/interactionService-qVqicPcc.js                    1.69 kB │ gzip:   0.72 kB
build/assets/ErrorBoundary-BIFzQohs.js                         1.72 kB │ gzip:   0.83 kB
build/assets/useResponsive-Dni5MQ-r.js                         2.01 kB │ gzip:   0.75 kB
build/assets/TableSortLabel-CqWylf26.js                        2.15 kB │ gzip:   1.02 kB
build/assets/useTouchGestures-CQf_UlpG.js                      2.18 kB │ gzip:   0.81 kB
build/assets/apiHelpers-oLLJyQ_T.js                            2.19 kB │ gzip:   0.77 kB
build/assets/clinicalNote-9Yw0Fx14.js                          2.25 kB │ gzip:   0.98 kB
build/assets/Settings-B6A2NZjw.js                              2.27 kB │ gzip:   1.08 kB
build/assets/medicationManagementService-5h68WPuX.js           2.29 kB │ gzip:   0.63 kB
build/assets/CardHeader-DzV9pJtR.js                            2.33 kB │ gzip:   0.98 kB
build/assets/patientPortalService-Bj8wZVA1.js                  2.35 kB │ gzip:   0.92 kB
build/assets/diagnosticFeatureGuard-COCgg0zI.js                2.62 kB │ gzip:   1.07 kB
build/assets/parseISO-DuFuOMyR.js                              2.70 kB │ gzip:   1.23 kB
build/assets/PaymentSimulation-PWAoDPNY.js                     2.80 kB │ gzip:   1.11 kB
build/assets/TableCell-097YeKZz.js                             2.85 kB │ gzip:   1.27 kB
build/assets/Fab-BQKFKrq0.js                                   3.02 kB │ gzip:   1.26 kB
build/assets/index-CF6bteep.js                                 3.18 kB │ gzip:   1.54 kB
build/assets/ModulePage-DNy6QHYN.js                            3.23 kB │ gzip:   1.02 kB
build/assets/SubscriptionSuccess-CPxSCiaR.js                   3.28 kB │ gzip:   1.31 kB
build/assets/ReferenceLine-DAxvvDYj.js                         3.34 kB │ gzip:   1.56 kB
build/assets/ClinicalNoteFormPage-eAfvMGuw.js                  3.43 kB │ gzip:   1.55 kB
build/assets/TableRow-xBGP6Whn.js                              3.87 kB │ gzip:   1.32 kB
build/assets/SaasAdminDashboard-DcWRjCy_.js                    3.97 kB │ gzip:   1.83 kB
build/assets/ApprovedLabIntegrations-c1eLnS8G.js               4.04 kB │ gzip:   1.67 kB
build/assets/useSaasSettings-DUV9f1eo.js                       4.36 kB │ gzip:   1.14 kB
build/assets/Symbols-DQjFf5Wd.js                               4.42 kB │ gzip:   1.90 kB
build/assets/PharmacistSelector-CmaCbC_C.js                    4.71 kB │ gzip:   1.87 kB
build/assets/useAppointmentAnalytics-Cf191Qf5.js               4.72 kB │ gzip:   1.02 kB
build/assets/FollowUpCasesPage-CGRv3mGV.js                     4.82 kB │ gzip:   2.05 kB
build/assets/useHealthBlogAdmin-C1VCunn_.js                    5.01 kB │ gzip:   1.47 kB
build/assets/PatientWorkspaceDetailPage-7n5FOAu2.js            5.18 kB │ gzip:   1.70 kB
build/assets/RBACManagement-xFTfkI9X.js                        5.35 kB │ gzip:   1.95 kB
build/assets/PatientLinkingAdmin-CIQnSulu.js                   5.39 kB │ gzip:   1.85 kB
build/assets/adminService-Cej23ESB.js                          5.57 kB │ gzip:   1.65 kB
build/assets/MTRContextualHelp-Daqcf-5v.js                     5.67 kB │ gzip:   1.85 kB
build/assets/PatientLinkingManagement-BX30ToW4.js              5.72 kB │ gzip:   1.98 kB
build/assets/BlogPostCard-BubF5oCo.js                          5.85 kB │ gzip:   2.18 kB
build/assets/reselect-jSlom-V0.js                              6.11 kB │ gzip:   2.54 kB
build/assets/useDiagnosticHistory-Cg1yzAdD.js                  6.13 kB │ gzip:   1.66 kB
build/assets/SystemOverview-6Q2BOD5j.js                        6.15 kB │ gzip:   1.77 kB
build/assets/TablePagination-DA9GyWIx.js                       6.16 kB │ gzip:   2.31 kB
build/assets/BlogPostDetails-QTEU5ZUL.js                       6.20 kB │ gzip:   2.38 kB
build/assets/TimelineSeparator-Bn9TgQuO.js                     6.21 kB │ gzip:   1.77 kB
build/assets/DatePicker-DMScE72Q.js                            6.23 kB │ gzip:   1.90 kB
build/assets/SystemMonitoringDashboard-ByA3GGjw.js             6.29 kB │ gzip:   2.05 kB
build/assets/LinearProgress-DvVnbxum.js                        6.38 kB │ gzip:   1.88 kB
build/assets/usePatients-CR7yAsAJ.js                           6.38 kB │ gzip:   1.38 kB
build/assets/PatientAppointments-BOB5VyNB.js                   6.47 kB │ gzip:   2.14 kB
build/assets/QueueMonitoringDashboard-DY9k-XjB.js              6.67 kB │ gzip:   2.05 kB
build/assets/AllDiagnosticCasesPage-CRMwikSr.js                6.82 kB │ gzip:   2.38 kB
build/assets/ScheduleManagement-CxnmyZ6u.js                    6.95 kB │ gzip:   2.29 kB
build/assets/SwipeableDrawer-D9WRYMR8.js                       6.99 kB │ gzip:   2.88 kB
build/assets/Notifications-BXI_z63S.js                         7.29 kB │ gzip:   2.59 kB
build/assets/Legend-hJSvyy0Q.js                                7.32 kB │ gzip:   2.47 kB
build/assets/LocationManagement-B_uBnqBd.js                    7.34 kB │ gzip:   2.22 kB
build/assets/SubscriptionManagement-BldjO4j_.js                7.38 kB │ gzip:   2.77 kB
build/assets/PatientPortalOverview-CQlVEFwe.js                 7.39 kB │ gzip:   2.03 kB
build/assets/clinicalInterventionService-BUVAR3cB.js           7.50 kB │ gzip:   1.89 kB
build/assets/PricingPlanManagement-BcuIS7ba.js                 7.56 kB │ gzip:   2.48 kB
build/assets/CaseReviewDialog-DcdjqmAl.js                      7.87 kB │ gzip:   2.43 kB
build/assets/LabTemplateForm-asBBaP8P.js                       8.00 kB │ gzip:   2.43 kB
build/assets/PatientAuth-DpiKMzPR.js                           8.16 kB │ gzip:   2.82 kB
build/assets/LabTemplatesPage-Dl-cQ2vE.js                      8.23 kB │ gzip:   2.55 kB
build/assets/ApiManagementDashboard-CT3WjExv.js                8.28 kB │ gzip:   2.55 kB
build/assets/LabResultIntegration-Cv4HUw4Z.js                  8.61 kB │ gzip:   2.06 kB
build/assets/BlogManagement-CBwR7B24.js                        8.64 kB │ gzip:   2.77 kB
build/assets/saasService-kdyC7O2X.js                           8.74 kB │ gzip:   1.73 kB
build/assets/rbacService-DXewyI3E.js                           9.01 kB │ gzip:   1.57 kB
build/assets/LabIntegrationReviewQueue-CQOAv1Q-.js             9.13 kB │ gzip:   2.54 kB
build/assets/Pagination-BmRThzem.js                            9.29 kB │ gzip:   3.03 kB
build/assets/TenantLicenseManagement-CRQbx2ox.js               9.34 kB │ gzip:   2.83 kB
build/assets/Line-BYcY2T6z.js                                  9.62 kB │ gzip:   3.88 kB
build/assets/LicenseUpload-DhbUfkTA.js                         9.63 kB │ gzip:   3.35 kB
build/assets/useWorkspaceTeam-c54Ihcq2.js                      9.68 kB │ gzip:   1.60 kB
build/assets/SettingsTheme-CAeJrsqe.js                         9.84 kB │ gzip:   2.54 kB
build/assets/BulkOperationProgress-CKoZ1JKf.js                 9.94 kB │ gzip:   3.15 kB
build/assets/DiagnosticAnalyticsPage-CySDNlko.js               9.96 kB │ gzip:   2.63 kB
build/assets/LabTrendsPage-CUGBOKOM.js                        10.06 kB │ gzip:   3.30 kB
build/assets/LabResultDetail-BDZU436E.js                      10.34 kB │ gzip:   2.61 kB
build/assets/MedicationsManagementDashboard-De-h9nZ5.js       10.56 kB │ gzip:   2.97 kB
build/assets/WebhookManagement-C3yMyC1y.js                    10.84 kB │ gzip:   3.23 kB
build/assets/UsageMonitoring-qsSWp6op.js                      10.88 kB │ gzip:   2.61 kB
build/assets/PricingManagement-COEBmVc5.js                    11.05 kB │ gzip:   3.12 kB
build/assets/WorkspaceSearchPage-DkJ2Cj8g.js                  11.15 kB │ gzip:   3.51 kB
build/assets/Subscriptions-C8y8IgC2.js                        11.36 kB │ gzip:   3.86 kB
build/assets/Patients-CeaKRcnt.js                             11.49 kB │ gzip:   3.97 kB
build/assets/AppointmentAnalyticsDashboard-CKCwIsrl.js        11.51 kB │ gzip:   3.52 kB
build/assets/aiDiagnosticService-DKleUFsg.js                  11.67 kB │ gzip:   3.14 kB
build/assets/PatientEngagement-BRR-y-Tg.js                    11.72 kB │ gzip:   3.01 kB
build/assets/Area-BSuA77-5.js                                 11.74 kB │ gzip:   4.27 kB
build/assets/DiagnosticDashboard-DFYSNSkR.js                  12.16 kB │ gzip:   2.92 kB
build/assets/PatientForm-BiDzJY3w.js                          12.22 kB │ gzip:   4.16 kB
build/assets/SuperAdminHealthRecordsDashboard-nY4Pegbr.js     12.34 kB │ gzip:   3.20 kB
build/assets/ClinicalNotesUXEnhancer-DaWcFBI2.js              13.09 kB │ gzip:   4.23 kB
build/assets/format-V2QVQ-QO.js                               13.32 kB │ gzip:   3.52 kB
build/assets/BlogPage-CGmCbvI0.js                             13.56 kB │ gzip:   4.94 kB
build/assets/RadialBarChart-O9Wxb5gQ.js                       13.73 kB │ gzip:   4.61 kB
build/assets/ModernMedicationSettings-C7zAal1_.js             14.06 kB │ gzip:   3.78 kB
build/assets/SecuritySettings-CBDvUtxy.js                     14.79 kB │ gzip:   3.92 kB
build/assets/LaboratoryDashboard-eFHOD2NY.js                  15.13 kB │ gzip:   4.64 kB
build/assets/UserManagement-CuE6eMnR.js                       15.45 kB │ gzip:   4.40 kB
build/assets/SecurityDashboard-BI3i4Ddw.js                    15.87 kB │ gzip:   4.18 kB
build/assets/BarChart-C5A3n0q8.js                             15.92 kB │ gzip:   5.40 kB
build/assets/PatientProfile-EkPxwSj7.js                       16.60 kB │ gzip:   5.44 kB
build/assets/MTRHelp-DrcwLB-f.js                              16.62 kB │ gzip:   4.95 kB
build/assets/PharmacyUserManagement-BW9n0_Lz.js               16.91 kB │ gzip:   5.37 kB
build/assets/LabResultForm-Bo-Jrztx.js                        16.97 kB │ gzip:   4.51 kB
build/assets/HelpManagement-CSIM9NJp.js                       17.09 kB │ gzip:   3.54 kB
build/assets/useClinicalNotesErrorHandling-uTpRk0j-.js        17.34 kB │ gzip:   5.85 kB
build/assets/mtrService-CycZAhsx.js                           18.18 kB │ gzip:   4.25 kB
build/assets/AnalyticsReports-DniOtowm.js                     18.97 kB │ gzip:   4.37 kB
build/assets/Slider-Dp4XYKqX.js                               20.02 kB │ gzip:   6.72 kB
build/assets/WorkspaceRBACManagement-CUXtJouN.js              20.14 kB │ gzip:   5.72 kB
build/assets/PieChart-BiVxPW9b.js                             20.16 kB │ gzip:   6.31 kB
build/assets/FeatureManagement-B2dV56ji.js                    20.16 kB │ gzip:   5.94 kB
build/assets/PatientDashboard-BbLUr0VU.js                     20.35 kB │ gzip:   4.90 kB
build/assets/LabIntegrationNewCase-BMBM01sI.js                20.71 kB │ gzip:   5.41 kB
build/assets/PatientBilling-gn0nTWnN.js                       20.77 kB │ gzip:   5.62 kB
build/assets/PermissionMatrix-BkMRwoes.js                     21.25 kB │ gzip:   6.23 kB
build/assets/ClinicalNoteForm-BZyLbh0d.js                     21.83 kB │ gzip:   6.99 kB
build/assets/purify.es-BFmuJLeH.js                            21.93 kB │ gzip:   8.62 kB
build/assets/CaseResultsPage-Bu6M9QC6.js                      22.92 kB │ gzip:   5.89 kB
build/assets/NotificationsManagement-D--XpKNZ.js              22.92 kB │ gzip:   5.24 kB
build/assets/labStore-BhAwrq7b.js                             23.21 kB │ gzip:   6.22 kB
build/assets/Autocomplete-Ca2ijWTJ.js                         23.37 kB │ gzip:   8.24 kB
build/assets/BillingSubscriptions-Dbj4fV6H.js                 23.55 kB │ gzip:   5.72 kB
build/assets/BlogPostEditor-BDuhwfhW.js                       24.06 kB │ gzip:   8.13 kB
build/assets/InteractionReviewPage-D8jyUXR_.js                24.14 kB │ gzip:   6.27 kB
build/assets/SystemWideAnalytics-DBeLIzN5.js                  24.45 kB │ gzip:   4.69 kB
build/assets/TenantManagement-Cp5EuhkU.js                     24.53 kB │ gzip:   6.12 kB
build/assets/PatientMessages-BrY6dhwE.js                      25.57 kB │ gzip:   7.92 kB
build/assets/PatientMedications-CFSyTMT0.js                   25.84 kB │ gzip:   7.17 kB
build/assets/DrugInformationCenter-DhQfJg9h.js                26.45 kB │ gzip:   7.45 kB
build/assets/ComponentDemo-CdqtII6M.js                        26.73 kB │ gzip:   7.32 kB
build/assets/PatientPortalLanding-CZghARN8.js                 26.88 kB │ gzip:   7.08 kB
build/assets/SecurityTab-SqYa1Z_1.js                          27.88 kB │ gzip:   7.27 kB
build/assets/BookAppointmentForm-Ic9cq-zS.js                  28.00 kB │ gzip:   7.13 kB
build/assets/Profile-BFzVmkD0.js                              28.31 kB │ gzip:   7.12 kB
build/assets/AdapterDateFns-CjgXyLkA.js                       31.45 kB │ gzip:   6.88 kB
build/assets/ClinicalNoteDetailPage-Df6j1OtS.js               32.21 kB │ gzip:   6.96 kB
build/assets/PatientPortal-CsLaRJaw.js                        32.33 kB │ gzip:  10.92 kB
build/assets/SuperAdminAuditTrail-j11sYUD1.js                 32.81 kB │ gzip:   8.58 kB
build/assets/usePatientResources-CNT8SXin.js                  32.87 kB │ gzip:   9.03 kB
build/assets/Medications-C-hSWEzu.js                          33.39 kB │ gzip:   6.46 kB
build/assets/FollowUpManagement-DTESVek5.js                   35.85 kB │ gzip:   9.12 kB
build/assets/SupportHelpdesk-Cnmm5RBW.js                      36.52 kB │ gzip:   8.26 kB
build/assets/Help-D7i84YtJ.js                                 37.82 kB │ gzip:   9.36 kB
build/assets/ResponsiveFollowUpTaskList-DNAJkSmF.js           37.84 kB │ gzip:  10.03 kB
build/assets/ClinicalDecisionSupport-CODRynqv.js              38.07 kB │ gzip:  10.11 kB
build/assets/AIUsageMonitoring-BOGjDAej.js                    41.98 kB │ gzip:   9.17 kB
build/assets/PatientHealthRecords-ED7thUjI.js                 43.17 kB │ gzip:  10.69 kB
build/assets/EnhancedUserManagement-C4r24qMX.js               46.11 kB │ gzip:  10.80 kB
build/assets/CaseIntakePage-hKjtajFE.js                       47.74 kB │ gzip:  10.91 kB
build/assets/DateTimePicker-BaBVDYOM.js                       48.97 kB │ gzip:  13.96 kB
build/assets/ResultsReviewPage-CEOHuBKD.js                    50.42 kB │ gzip:  11.67 kB
build/assets/schemas-afLdmOmG.js                              55.56 kB │ gzip:  14.99 kB
build/assets/LabIntegrationCaseDetail-D62oPwOn.js             57.46 kB │ gzip:  14.28 kB
build/assets/WorkspaceTeam-CC3NUWs-.js                        57.92 kB │ gzip:  14.52 kB
build/assets/AdminDashboard-Vo1gvoiK.js                       58.68 kB │ gzip:  11.93 kB
build/assets/PatientPortalAdmin-Cq-RPyei.js                   61.48 kB │ gzip:  14.06 kB
build/assets/PatientMedicationsPage-DjcL03pZ.js               67.46 kB │ gzip:  18.01 kB
build/assets/LabUploadPage-B-SRd9kW.js                        71.65 kB │ gzip:  20.16 kB
build/assets/lodash-Dsu8usGz.js                               71.81 kB │ gzip:  26.65 kB
build/assets/ReportsAnalyticsDashboard-GV4pkc17.js            90.32 kB │ gzip:  23.58 kB
build/assets/AppointmentManagement-CL6SS7I3.js                92.96 kB │ gzip:  20.34 kB
build/assets/proxy-k-Q9ghjL.js                               113.50 kB │ gzip:  37.39 kB
build/assets/ModernDashboardPage-Bs03ub5m.js                 129.05 kB │ gzip:  27.25 kB
build/assets/useMobilePicker-BPYNtvGf.js                     141.49 kB │ gzip:  42.93 kB
build/assets/index.es-DVJsC15t.js                            150.28 kB │ gzip:  51.41 kB
build/assets/PatientManagement-z78LN0US.js                   162.44 kB │ gzip:  37.37 kB
build/assets/MedicationTherapyReview-Df-yvx2f.js             189.37 kB │ gzip:  46.41 kB
build/assets/ClinicalInterventionsLayout-B6KqH4ce.js         190.40 kB │ gzip:  46.68 kB
build/assets/html2canvas.esm-CBrSDip1.js                     201.42 kB │ gzip:  48.03 kB
build/assets/CommunicationHub-BTnSOWMd.js                    203.82 kB │ gzip:  56.80 kB
build/assets/CartesianChart-DSQyBG_g.js                      273.48 kB │ gzip:  82.67 kB
build/assets/ResponsiveAppointmentCalendar-BBSTiczV.js       304.33 kB │ gzip:  88.72 kB
build/assets/ClinicalNotes-CrtXTNNS.js                       410.80 kB │ gzip: 121.19 kB
build/assets/DiagnosticReferralsPage-CryLe44C.js             434.65 kB │ gzip: 141.42 kB
build/assets/index-CgvvRNKT.js                             1,180.51 kB │ gzip: 343.75 kB

(!) Some chunks are larger than 500 kB after minification. Consider:
- Using dynamic import() to code-split the application
- Use build.rollupOptions.output.manualChunks to improve chunking: https://rollupjs.org/configuration-options/#output-manualchunks
- Adjust chunk size limit for this warning via build.chunkSizeWarningLimit.
✓ built in 42.14s
